[INFO] Scanning for projects...
[INFO]
[INFO] -------------< de.egladil.web:quarkus-eclipse-reproducer >--------------
[INFO] Building quarkus-eclipse-reproducer 1.0.0-SNAPSHOT
[INFO] --------------------------------[ jar ]---------------------------------
[INFO]
[INFO] --- maven-clean-plugin:2.5:clean (default-clean) @ quarkus-eclipse-reproducer ---
[INFO] Deleting /home/heike/git/quarkus-eclipse-reproducer/quarkus-hello/target
[INFO]
[INFO] --- quarkus-maven-plugin:1.3.0.Final:dev (default-cli) @ quarkus-eclipse-reproducer ---
[INFO] Changes detected - recompiling the module!
[INFO] Compiling 1 source file to /home/heike/git/quarkus-eclipse-reproducer/quarkus-hello/target/classes
Listening for transport dt_socket at address: 5005
Exception in thread "main" java.lang.RuntimeException: java.lang.RuntimeException: io.quarkus.bootstrap.BootstrapException: Failed to create the application model for de.egladil.web:quarkus-eclipse-reproducer::jar:1.0.0-SNAPSHOT
	at io.quarkus.dev.DevModeMain.main(DevModeMain.java:52)
Caused by: java.lang.RuntimeException: io.quarkus.bootstrap.BootstrapException: Failed to create the application model for de.egladil.web:quarkus-eclipse-reproducer::jar:1.0.0-SNAPSHOT
	at io.quarkus.dev.DevModeMain.start(DevModeMain.java:112)
	at io.quarkus.dev.DevModeMain.main(DevModeMain.java:47)
Caused by: io.quarkus.bootstrap.BootstrapException: Failed to create the application model for de.egladil.web:quarkus-eclipse-reproducer::jar:1.0.0-SNAPSHOT
	at io.quarkus.bootstrap.BootstrapAppModelFactory.resolveAppModel(BootstrapAppModelFactory.java:306)
	at io.quarkus.bootstrap.app.QuarkusBootstrap.bootstrap(QuarkusBootstrap.java:136)
	at io.quarkus.dev.DevModeMain.start(DevModeMain.java:107)
	... 1 more
Caused by: io.quarkus.bootstrap.resolver.AppModelResolverException: Failed to resolve dependencies for de.egladil.web:quarkus-eclipse-reproducer:jar:1.0.0-SNAPSHOT
	at io.quarkus.bootstrap.resolver.maven.MavenArtifactResolver.resolveManagedDependencies(MavenArtifactResolver.java:292)
	at io.quarkus.bootstrap.resolver.BootstrapAppModelResolver.doResolveModel(BootstrapAppModelResolver.java:168)
	at io.quarkus.bootstrap.resolver.BootstrapAppModelResolver.resolveManagedModel(BootstrapAppModelResolver.java:143)
	at io.quarkus.bootstrap.BootstrapAppModelFactory.resolveAppModel(BootstrapAppModelFactory.java:292)
	... 3 more
Caused by: org.eclipse.aether.resolution.DependencyResolutionException: Could not find artifact de.egladil.web:own-artifact:jar:1.0.0 in central (https://repo.maven.apache.org/maven2)
	at org.eclipse.aether.internal.impl.DefaultRepositorySystem.resolveDependencies(DefaultRepositorySystem.java:357)
	at io.quarkus.bootstrap.resolver.maven.MavenArtifactResolver.resolveManagedDependencies(MavenArtifactResolver.java:288)
	... 6 more
Caused by: org.eclipse.aether.resolution.ArtifactResolutionException: Could not find artifact de.egladil.web:own-artifact:jar:1.0.0 in central (https://repo.maven.apache.org/maven2)
	at org.eclipse.aether.internal.impl.DefaultArtifactResolver.resolve(DefaultArtifactResolver.java:424)
	at org.eclipse.aether.internal.impl.DefaultArtifactResolver.resolveArtifacts(DefaultArtifactResolver.java:229)
	at org.eclipse.aether.internal.impl.DefaultRepositorySystem.resolveDependencies(DefaultRepositorySystem.java:340)
	... 7 more
Caused by: org.eclipse.aether.transfer.ArtifactNotFoundException: Could not find artifact de.egladil.web:own-artifact:jar:1.0.0 in central (https://repo.maven.apache.org/maven2)
	at org.eclipse.aether.connector.basic.ArtifactTransportListener.transferFailed(ArtifactTransportListener.java:48)
	at org.eclipse.aether.connector.basic.BasicRepositoryConnector$TaskRunner.run(BasicRepositoryConnector.java:369)
	at org.eclipse.aether.util.concurrency.RunnableErrorForwarder$1.run(RunnableErrorForwarder.java:75)
	at java.base/java.util.concurrent.ThreadPoolExecutor.runWorker(ThreadPoolExecutor.java:1128)
	at java.base/java.util.concurrent.ThreadPoolExecutor$Worker.run(ThreadPoolExecutor.java:628)
	at java.base/java.lang.Thread.run(Thread.java:834)
[INFO] ------------------------------------------------------------------------
[INFO] BUILD SUCCESS
[INFO] ------------------------------------------------------------------------
[INFO] Total time:  6.221 s
[INFO] Finished at: 2020-03-18T10:37:03+01:00
[INFO] ------------------------------------------------------------------------
